2023-02-22 17:03:04 [httpLog] {"method":"POST","url":"/user/login","data":{"username":"xiaohu","psw":"756131502"},"startTime":"2023-02-22 17:03:04","endTime":"2023-02-22 17:03:04","timeLength":6}
2023-02-22 17:03:04 [httpLog] {"method":"POST","url":"/curl/post","data":{"username":"xiaohu","psw":"756131502"},"startTime":"2023-02-22 17:03:04","endTime":"2023-02-22 17:03:04","timeLength":49}
2023-02-22 17:03:10 [httpLog] {"method":"POST","url":"/user/login","data":{"username":"ming","psw":"756131502"},"startTime":"2023-02-22 17:03:10","endTime":"2023-02-22 17:03:10","timeLength":3}
2023-02-22 17:03:10 [httpLog] {"method":"POST","url":"/curl/post","data":{"username":"ming","psw":"756131502"},"startTime":"2023-02-22 17:03:10","endTime":"2023-02-22 17:03:10","timeLength":11}
2023-02-22 17:03:17 [httpLog] {"method":"PUT","url":"/user/edit","data":{"id":10,"username":"theshy"},"startTime":"2023-02-22 17:03:17","endTime":"2023-02-22 17:03:17","timeLength":0}
2023-02-22 17:03:31 [httpLog] {"method":"GET","url":"/","data":{},"startTime":"2023-02-22 17:03:31","endTime":"2023-02-22 17:03:31","timeLength":0}
2023-02-22 17:10:30 [httpLog] {"method":"GET","url":"/newapplication","data":{},"startTime":"2023-02-22 17:10:30","endTime":"2023-02-22 17:10:30","timeLength":4}
2023-02-22 17:12:07 [httpLog] {"method":"GET","url":"/newapplication","data":{},"startTime":"2023-02-22 17:12:07","endTime":"2023-02-22 17:12:07","timeLength":5}
2023-02-22 17:12:25 [httpLog] {"method":"GET","url":"/newapplication","data":{},"startTime":"2023-02-22 17:12:25","endTime":"2023-02-22 17:12:25","timeLength":2}
2023-02-22 17:12:35 [httpLog] {"method":"GET","url":"/newapplication","data":{},"startTime":"2023-02-22 17:12:35","endTime":"2023-02-22 17:12:35","timeLength":4}
2023-02-22 17:14:38 [httpLog] {"method":"GET","url":"/newapplication","data":{},"startTime":"2023-02-22 17:14:38","endTime":"2023-02-22 17:14:38","timeLength":6}
2023-02-22 17:16:46 [httpLog] {"method":"GET","url":"/newcontent","data":{},"startTime":"2023-02-22 17:16:46","endTime":"2023-02-22 17:16:46","timeLength":4}
2023-02-22 17:20:31 [httpLog] {"method":"GET","url":"/newcontent","data":{},"startTime":"2023-02-22 17:20:31","endTime":"2023-02-22 17:20:31","timeLength":4}
2023-02-22 17:20:46 [httpLog] {"method":"GET","url":"/newcontent?id=100","data":{},"startTime":"2023-02-22 17:20:46","endTime":"2023-02-22 17:20:46","timeLength":2}
2023-02-22 17:20:57 [httpLog] {"method":"GET","url":"/newcontent/1","data":{},"startTime":"2023-02-22 17:20:57","endTime":"2023-02-22 17:20:57","timeLength":1}
2023-02-22 17:22:34 [httpLog] {"method":"POST","url":"/newcontent","data":{"id":10,"username":"lpl"},"startTime":"2023-02-22 17:22:34","endTime":"2023-02-22 17:22:34","timeLength":3}
2023-02-22 17:50:20 [httpLog] {"method":"GET","url":"/newrequest","data":{},"startTime":"2023-02-22 17:50:20","endTime":"2023-02-22 17:50:20","timeLength":8}
2023-02-22 17:50:25 [httpLog] {"method":"GET","url":"/newrequest","data":{},"startTime":"2023-02-22 17:50:25","endTime":"2023-02-22 17:50:25","timeLength":4}
2023-02-22 17:50:29 [httpLog] {"method":"GET","url":"/","data":{},"startTime":"2023-02-22 17:50:29","endTime":"2023-02-22 17:50:29","timeLength":1}
2023-02-22 17:50:34 [httpLog] {"method":"GET","url":"/newrequest","data":{},"startTime":"2023-02-22 17:50:34","endTime":"2023-02-22 17:50:34","timeLength":3}
2023-02-22 17:50:42 [httpLog] {"method":"GET","url":"/newrequest","data":{},"startTime":"2023-02-22 17:50:42","endTime":"2023-02-22 17:50:42","timeLength":3}
2023-02-22 17:51:24 [httpLog] {"method":"GET","url":"/newrequestss","data":{},"startTime":"2023-02-22 17:51:24","endTime":"2023-02-22 17:51:24","timeLength":0}
2023-02-22 17:51:29 [httpLog] {"method":"GET","url":"/newrequest","data":{},"startTime":"2023-02-22 17:51:29","endTime":"2023-02-22 17:51:29","timeLength":4}
2023-02-22 17:51:40 [httpLog] {"method":"GET","url":"/newrequest","data":{},"startTime":"2023-02-22 17:51:40","endTime":"2023-02-22 17:51:40","timeLength":2}
2023-02-22 17:52:26 [httpLog] {"method":"GET","url":"/newrequest","data":{},"startTime":"2023-02-22 17:52:26","endTime":"2023-02-22 17:52:26","timeLength":2}
2023-02-22 17:53:40 [httpLog] {"method":"GET","url":"/newrequest","data":{},"startTime":"2023-02-22 17:53:40","endTime":"2023-02-22 17:53:40","timeLength":8}
2023-02-22 17:53:56 [httpLog] {"method":"GET","url":"/newrequest","data":{},"startTime":"2023-02-22 17:53:56","endTime":"2023-02-22 17:53:56","timeLength":3}
2023-02-22 17:57:39 [httpLog] {"method":"GET","url":"/","data":{},"startTime":"2023-02-22 17:57:39","endTime":"2023-02-22 17:57:39","timeLength":5}
2023-02-22 17:57:51 [httpLog] {"method":"GET","url":"/newresponse","data":{},"startTime":"2023-02-22 17:57:51","endTime":"2023-02-22 17:57:51","timeLength":2}
2023-02-22 17:58:26 [httpLog] {"method":"GET","url":"/newresponse","data":{},"startTime":"2023-02-22 17:58:26","endTime":"2023-02-22 17:58:26","timeLength":1}
2023-02-22 18:00:06 [httpLog] {"method":"GET","url":"/newresponse","data":{},"startTime":"2023-02-22 18:00:06","endTime":"2023-02-22 18:00:06","timeLength":5}
2023-02-22 18:00:18 [httpLog] {"method":"GET","url":"/newresponse","data":{},"startTime":"2023-02-22 18:00:18","endTime":"2023-02-22 18:00:18","timeLength":3}
2023-02-22 18:02:56 [httpLog] {"method":"GET","url":"/newresponse","data":{},"startTime":"2023-02-22 18:02:56","endTime":"2023-02-22 18:02:56","timeLength":6}
2023-02-22 18:18:31 [httpLog] {"method":"GET","url":"/newresponse","data":{},"startTime":"2023-02-22 18:18:31","endTime":"2023-02-22 18:18:31","timeLength":5}
2023-02-22 18:18:33 [httpLog] {"method":"GET","url":"/newresponse","data":{},"startTime":"2023-02-22 18:18:33","endTime":"2023-02-22 18:18:33","timeLength":2}
2023-02-22 18:18:34 [httpLog] {"method":"GET","url":"/newresponse","data":{},"startTime":"2023-02-22 18:18:34","endTime":"2023-02-22 18:18:34","timeLength":1}
2023-02-22 18:18:37 [httpLog] {"method":"GET","url":"/newresponse","data":{},"startTime":"2023-02-22 18:18:37","endTime":"2023-02-22 18:18:37","timeLength":0}
2023-02-22 18:19:21 [httpLog] {"method":"GET","url":"/newresponse","data":{},"startTime":"2023-02-22 18:19:21","endTime":"2023-02-22 18:19:21","timeLength":1}
2023-02-22 18:19:32 [httpLog] {"method":"GET","url":"/newresponse","data":{},"startTime":"2023-02-22 18:19:32","endTime":"2023-02-22 18:19:32","timeLength":1}
2023-02-22 18:19:37 [httpLog] {"method":"GET","url":"/newresponse","data":{},"startTime":"2023-02-22 18:19:37","endTime":"2023-02-22 18:19:37","timeLength":0}
2023-02-22 18:20:33 [httpLog] {"method":"GET","url":"/user","data":{},"startTime":"2023-02-22 18:20:33","endTime":"2023-02-22 18:20:33","timeLength":21}
2023-02-22 18:20:37 [httpLog] {"method":"POST","url":"/user/login","data":{"name":"admin","pwd":"admin"},"startTime":"2023-02-22 18:20:37","endTime":"2023-02-22 18:20:37","timeLength":2}
2023-02-22 18:20:37 [httpLog] {"method":"GET","url":"/user","data":{},"startTime":"2023-02-22 18:20:37","endTime":"2023-02-22 18:20:37","timeLength":8}
2023-02-22 18:20:43 [httpLog] {"method":"GET","url":"/newresponse","data":{},"startTime":"2023-02-22 18:20:43","endTime":"2023-02-22 18:20:43","timeLength":1}
2023-02-22 19:14:57 [httpLog] {"method":"GET","url":"/user/lists","data":{},"startTime":"2023-02-22 19:14:55","endTime":"2023-02-22 19:14:57","timeLength":2017}
2023-02-22 19:20:23 [httpLog] {"method":"GET","url":"/user/lists","data":{},"startTime":"2023-02-22 19:20:23","endTime":"2023-02-22 19:20:23","timeLength":13}
2023-02-22 19:24:09 [httpLog] {"method":"GET","url":"/user/detail/4","data":{},"startTime":"2023-02-22 19:24:09","endTime":"2023-02-22 19:24:09","timeLength":16}
2023-02-22 19:37:33 [httpLog] {"method":"POST","url":"/user/add","data":{"username":"rookie","pwd":"888888"},"startTime":"2023-02-22 19:37:33","endTime":"2023-02-22 19:37:33","timeLength":26}
2023-02-22 19:43:05 [httpLog] {"method":"PUT","url":"/user/edit","data":{"id":5,"username":"rookie","pwd":"666666"},"startTime":"2023-02-22 19:43:05","endTime":"2023-02-22 19:43:05","timeLength":2}
2023-02-22 19:43:59 [httpLog] {"method":"PUT","url":"/user/edit","data":{"id":5,"username":"rookie","pwd":"666666"},"startTime":"2023-02-22 19:43:59","endTime":"2023-02-22 19:43:59","timeLength":16}
2023-02-22 19:44:30 [httpLog] {"method":"PUT","url":"/user/edit","data":{"id":5,"pwd":"111111"},"startTime":"2023-02-22 19:44:30","endTime":"2023-02-22 19:44:30","timeLength":10}
2023-02-22 19:48:14 [httpLog] {"method":"DELETE","url":"/user/del","data":{"id":5},"startTime":"2023-02-22 19:48:14","endTime":"2023-02-22 19:48:14","timeLength":6}
2023-02-22 19:50:58 [httpLog] {"method":"DELETE","url":"/user/del","data":{"id":5},"startTime":"2023-02-22 19:50:58","endTime":"2023-02-22 19:50:58","timeLength":17}
2023-02-22 19:51:56 [httpLog] {"method":"DELETE","url":"/user/del","data":{"id":2},"startTime":"2023-02-22 19:51:56","endTime":"2023-02-22 19:51:56","timeLength":11}
2023-02-22 19:53:22 [httpLog] {"method":"DELETE","url":"/user/del","data":{"id":3},"startTime":"2023-02-22 19:53:22","endTime":"2023-02-22 19:53:22","timeLength":23}
2023-02-22 19:54:04 [httpLog] {"method":"DELETE","url":"/user/del","data":{"id":3},"startTime":"2023-02-22 19:54:04","endTime":"2023-02-22 19:54:04","timeLength":6}
2023-02-22 19:56:22 [httpLog] {"method":"DELETE","url":"/user/del","data":{"id":4},"startTime":"2023-02-22 19:56:22","endTime":"2023-02-22 19:56:22","timeLength":18}
2023-02-22 20:20:05 [httpLog] {"method":"GET","url":"/user/lists","data":{},"startTime":"2023-02-22 20:20:05","endTime":"2023-02-22 20:20:05","timeLength":14}
2023-02-22 20:21:12 [httpLog] {"method":"GET","url":"/user/lists","data":{},"startTime":"2023-02-22 20:21:12","endTime":"2023-02-22 20:21:12","timeLength":19}
2023-02-22 20:22:10 [httpLog] {"method":"GET","url":"/user/lists","data":{},"startTime":"2023-02-22 20:22:10","endTime":"2023-02-22 20:22:10","timeLength":17}
2023-02-22 20:24:26 [httpLog] {"method":"GET","url":"/user/detail/7","data":{},"startTime":"2023-02-22 20:24:26","endTime":"2023-02-22 20:24:26","timeLength":200}
2023-02-22 20:25:56 [httpLog] {"method":"POST","url":"/user/add","data":{"username":"rookie","pwd":"888888"},"startTime":"2023-02-22 20:25:56","endTime":"2023-02-22 20:25:56","timeLength":37}
2023-02-22 20:30:33 [httpLog] {"method":"PUT","url":"/user/edit","data":{"id":12,"pwd":"111111"},"startTime":"2023-02-22 20:30:33","endTime":"2023-02-22 20:30:33","timeLength":21}
2023-02-22 20:30:47 [httpLog] {"method":"PUT","url":"/user/edit","data":{"id":9,"pwd":"111111"},"startTime":"2023-02-22 20:30:47","endTime":"2023-02-22 20:30:47","timeLength":15}
2023-02-22 20:32:32 [httpLog] {"method":"PUT","url":"/user/edit","data":{"id":9,"pwd":"22222"},"startTime":"2023-02-22 20:32:32","endTime":"2023-02-22 20:32:32","timeLength":50}
2023-02-22 20:33:04 [httpLog] {"method":"PUT","url":"/user/edit","data":{"id":9,"pwd":"777777"},"startTime":"2023-02-22 20:33:04","endTime":"2023-02-22 20:33:04","timeLength":34}
2023-02-22 20:35:59 [httpLog] {"method":"DELETE","url":"/user/del","data":{"id":9},"startTime":"2023-02-22 20:35:59","endTime":"2023-02-22 20:35:59","timeLength":34}
2023-03-05 23:48:49 [httpLog] {"method":"POST","url":"/api/user/register","data":{"username":"ning","password":"123456"},"startTime":"2023-03-05 23:48:49","endTime":"2023-03-05 23:48:49","timeLength":17}
2023-03-05 23:52:18 [httpLog] {"method":"POST","url":"/api/user/register","data":{"username":"admin","password":"123456"},"startTime":"2023-03-05 23:52:18","endTime":"2023-03-05 23:52:18","timeLength":90}
2023-03-05 23:55:14 [httpLog] {"method":"POST","url":"/api/user/register","data":{"username":"ming","password":"123456"},"startTime":"2023-03-05 23:55:14","endTime":"2023-03-05 23:55:14","timeLength":44}
2023-03-05 23:58:09 [httpLog] {"method":"POST","url":"/api/user/register","data":{"username":"theshy","password":"123456"},"startTime":"2023-03-05 23:58:09","endTime":"2023-03-05 23:58:09","timeLength":44}
2023-03-06 00:17:27 [httpLog] {"method":"POST","url":"/api/user/register","data":{"username":"xiaohu","password":"123456","repassword":"123456"},"startTime":"2023-03-06 00:17:26","endTime":"2023-03-06 00:17:27","timeLength":45}
