2023-02-22 17:03:04 [httpLog] {"method":"POST","url":"/user/login","data":{"username":"xiaohu","psw":"756131502"},"startTime":"2023-02-22 17:03:04","endTime":"2023-02-22 17:03:04","timeLength":6}
2023-02-22 17:03:04 [httpLog] {"method":"POST","url":"/curl/post","data":{"username":"xiaohu","psw":"756131502"},"startTime":"2023-02-22 17:03:04","endTime":"2023-02-22 17:03:04","timeLength":49}
2023-02-22 17:03:10 [httpLog] {"method":"POST","url":"/user/login","data":{"username":"ming","psw":"756131502"},"startTime":"2023-02-22 17:03:10","endTime":"2023-02-22 17:03:10","timeLength":3}
2023-02-22 17:03:10 [httpLog] {"method":"POST","url":"/curl/post","data":{"username":"ming","psw":"756131502"},"startTime":"2023-02-22 17:03:10","endTime":"2023-02-22 17:03:10","timeLength":11}
2023-02-22 17:03:17 [httpLog] {"method":"PUT","url":"/user/edit","data":{"id":10,"username":"theshy"},"startTime":"2023-02-22 17:03:17","endTime":"2023-02-22 17:03:17","timeLength":0}
2023-02-22 17:03:31 [httpLog] {"method":"GET","url":"/","data":{},"startTime":"2023-02-22 17:03:31","endTime":"2023-02-22 17:03:31","timeLength":0}
2023-02-22 17:10:30 [httpLog] {"method":"GET","url":"/newapplication","data":{},"startTime":"2023-02-22 17:10:30","endTime":"2023-02-22 17:10:30","timeLength":4}
2023-02-22 17:12:07 [httpLog] {"method":"GET","url":"/newapplication","data":{},"startTime":"2023-02-22 17:12:07","endTime":"2023-02-22 17:12:07","timeLength":5}
2023-02-22 17:12:25 [httpLog] {"method":"GET","url":"/newapplication","data":{},"startTime":"2023-02-22 17:12:25","endTime":"2023-02-22 17:12:25","timeLength":2}
2023-02-22 17:12:35 [httpLog] {"method":"GET","url":"/newapplication","data":{},"startTime":"2023-02-22 17:12:35","endTime":"2023-02-22 17:12:35","timeLength":4}
2023-02-22 17:14:38 [httpLog] {"method":"GET","url":"/newapplication","data":{},"startTime":"2023-02-22 17:14:38","endTime":"2023-02-22 17:14:38","timeLength":6}
2023-02-22 17:16:46 [httpLog] {"method":"GET","url":"/newcontent","data":{},"startTime":"2023-02-22 17:16:46","endTime":"2023-02-22 17:16:46","timeLength":4}
2023-02-22 17:20:31 [httpLog] {"method":"GET","url":"/newcontent","data":{},"startTime":"2023-02-22 17:20:31","endTime":"2023-02-22 17:20:31","timeLength":4}
2023-02-22 17:20:46 [httpLog] {"method":"GET","url":"/newcontent?id=100","data":{},"startTime":"2023-02-22 17:20:46","endTime":"2023-02-22 17:20:46","timeLength":2}
2023-02-22 17:20:57 [httpLog] {"method":"GET","url":"/newcontent/1","data":{},"startTime":"2023-02-22 17:20:57","endTime":"2023-02-22 17:20:57","timeLength":1}
2023-02-22 17:22:34 [httpLog] {"method":"POST","url":"/newcontent","data":{"id":10,"username":"lpl"},"startTime":"2023-02-22 17:22:34","endTime":"2023-02-22 17:22:34","timeLength":3}
2023-02-22 17:50:20 [httpLog] {"method":"GET","url":"/newrequest","data":{},"startTime":"2023-02-22 17:50:20","endTime":"2023-02-22 17:50:20","timeLength":8}
2023-02-22 17:50:25 [httpLog] {"method":"GET","url":"/newrequest","data":{},"startTime":"2023-02-22 17:50:25","endTime":"2023-02-22 17:50:25","timeLength":4}
2023-02-22 17:50:29 [httpLog] {"method":"GET","url":"/","data":{},"startTime":"2023-02-22 17:50:29","endTime":"2023-02-22 17:50:29","timeLength":1}
2023-02-22 17:50:34 [httpLog] {"method":"GET","url":"/newrequest","data":{},"startTime":"2023-02-22 17:50:34","endTime":"2023-02-22 17:50:34","timeLength":3}
2023-02-22 17:50:42 [httpLog] {"method":"GET","url":"/newrequest","data":{},"startTime":"2023-02-22 17:50:42","endTime":"2023-02-22 17:50:42","timeLength":3}
2023-02-22 17:51:24 [httpLog] {"method":"GET","url":"/newrequestss","data":{},"startTime":"2023-02-22 17:51:24","endTime":"2023-02-22 17:51:24","timeLength":0}
2023-02-22 17:51:29 [httpLog] {"method":"GET","url":"/newrequest","data":{},"startTime":"2023-02-22 17:51:29","endTime":"2023-02-22 17:51:29","timeLength":4}
2023-02-22 17:51:40 [httpLog] {"method":"GET","url":"/newrequest","data":{},"startTime":"2023-02-22 17:51:40","endTime":"2023-02-22 17:51:40","timeLength":2}
2023-02-22 17:52:26 [httpLog] {"method":"GET","url":"/newrequest","data":{},"startTime":"2023-02-22 17:52:26","endTime":"2023-02-22 17:52:26","timeLength":2}
2023-02-22 17:53:40 [httpLog] {"method":"GET","url":"/newrequest","data":{},"startTime":"2023-02-22 17:53:40","endTime":"2023-02-22 17:53:40","timeLength":8}
2023-02-22 17:53:56 [httpLog] {"method":"GET","url":"/newrequest","data":{},"startTime":"2023-02-22 17:53:56","endTime":"2023-02-22 17:53:56","timeLength":3}
2023-02-22 17:57:39 [httpLog] {"method":"GET","url":"/","data":{},"startTime":"2023-02-22 17:57:39","endTime":"2023-02-22 17:57:39","timeLength":5}
2023-02-22 17:57:51 [httpLog] {"method":"GET","url":"/newresponse","data":{},"startTime":"2023-02-22 17:57:51","endTime":"2023-02-22 17:57:51","timeLength":2}
2023-02-22 17:58:26 [httpLog] {"method":"GET","url":"/newresponse","data":{},"startTime":"2023-02-22 17:58:26","endTime":"2023-02-22 17:58:26","timeLength":1}
2023-02-22 18:00:06 [httpLog] {"method":"GET","url":"/newresponse","data":{},"startTime":"2023-02-22 18:00:06","endTime":"2023-02-22 18:00:06","timeLength":5}
2023-02-22 18:00:18 [httpLog] {"method":"GET","url":"/newresponse","data":{},"startTime":"2023-02-22 18:00:18","endTime":"2023-02-22 18:00:18","timeLength":3}
2023-02-22 18:02:56 [httpLog] {"method":"GET","url":"/newresponse","data":{},"startTime":"2023-02-22 18:02:56","endTime":"2023-02-22 18:02:56","timeLength":6}
